<?xml version="1.0" encoding="UTF-8"?>
<!-- Generated by org.testng.reporters.JUnitReportReporter -->
<testsuite hostname="DESKTOP-T0OMVLN" failures="0" tests="1" name="Academy.validateNavigationBar" time="0.083" errors="0" timestamp="2020-12-28T12:49:12 GMT" skipped="0">
  <testcase classname="Academy.validateNavigationBar" name="validateAppNavBar" time="0.083"/>
  <system-out/>
</testsuite> <!-- Academy.validateNavigationBar -->
